Build started 03.12.2015 16:54:58.
     1>Project "C:\Users\KuBa\Documents\GitHub\PPTT\PPTT\PPTT.vcxproj" on node 2 (Build target(s)).
     1>ClCompile:
         C:\Program Files (x86)\Microsoft Visual Studio 12.0\VC\bin\CL.exe /c /ZI /nologo /W3 /WX- /sdl /Od /Oy- /D _MBCS /Gm /EHsc /RTC1 /MDd /GS /fp:precise /Zc:wchar_t /Zc:forScope /Fo"Debug\\" /Fd"Debug\vc120.pdb" /Gd /TP /analyze- /errorReport:prompt PPTT_core.cpp
         PPTT_core.cpp
     1>c:\users\kuba\documents\github\pptt\pptt\pptt_core.h(19): warning C4305: 'initializing' : truncation from 'double' to 'const float'
     1>c:\users\kuba\documents\github\pptt\pptt\pptt_core.h(20): warning C4305: 'initializing' : truncation from 'double' to 'const float'
     1>c:\users\kuba\documents\github\pptt\pptt\pptt_core.h(28): warning C4305: 'initializing' : truncation from 'double' to 'const float'
     1>c:\users\kuba\documents\github\pptt\pptt\pptt_core.h(29): warning C4305: 'initializing' : truncation from 'double' to 'const float'
     1>c:\users\kuba\documents\github\pptt\pptt\pptt_core.h(30): warning C4305: 'initializing' : truncation from 'double' to 'const float'
     1>c:\users\kuba\documents\github\pptt\pptt\pptt_core.cpp(453): warning C4244: '=' : conversion from 'double' to 'float', possible loss of data
     1>c:\users\kuba\documents\github\pptt\pptt\pptt_core.cpp(464): warning C4244: 'initializing' : conversion from 'double' to 'float', possible loss of data
     1>c:\users\kuba\documents\github\pptt\pptt\pptt_core.cpp(808): warning C4244: '/=' : conversion from 'double' to 'float', possible loss of data
     1>c:\users\kuba\documents\github\pptt\pptt\pptt_core.cpp(817): warning C4244: '/=' : conversion from 'double' to 'float', possible loss of data
     1>c:\users\kuba\documents\github\pptt\pptt\pptt_core.cpp(826): warning C4244: '/=' : conversion from 'double' to 'float', possible loss of data
     1>c:\users\kuba\documents\github\pptt\pptt\pptt_core.cpp(885): warning C4244: '=' : conversion from 'double' to 'float', possible loss of data
     1>c:\users\kuba\documents\github\pptt\pptt\pptt_core.cpp(912): warning C4244: '=' : conversion from 'double' to 'float', possible loss of data
     1>c:\users\kuba\documents\github\pptt\pptt\pptt_core.cpp(941): warning C4305: 'argument' : truncation from 'double' to 'float'
     1>c:\users\kuba\documents\github\pptt\pptt\pptt_core.cpp(941): warning C4244: '=' : conversion from 'double' to 'float', possible loss of data
     1>c:\users\kuba\documents\github\pptt\pptt\pptt_core.cpp(952): warning C4244: 'return' : conversion from 'double' to 'float', possible loss of data
     1>c:\users\kuba\documents\github\pptt\pptt\pptt_core.cpp(1181): warning C4244: 'initializing' : conversion from 'double' to 'float', possible loss of data
       Link:
         C:\Program Files (x86)\Microsoft Visual Studio 12.0\VC\bin\link.exe /ERRORREPORT:PROMPT /OUT:"C:\Users\KuBa\Documents\GitHub\PPTT\Debug\PPTT.exe" /INCREMENTAL /NOLOGO kernel32.lib user32.lib gdi32.lib winspool.lib comdlg32.lib advapi32.lib shell32.lib ole32.lib oleaut32.lib uuid.lib odbc32.lib odbccp32.lib /MANIFEST /MANIFESTUAC:"level='asInvoker' uiAccess='false'" /manifest:embed /DEBUG /PDB:"C:\Users\KuBa\Documents\GitHub\PPTT\Debug\PPTT.pdb" /TLBID:1 /DYNAMICBASE /NXCOMPAT /IMPLIB:"C:\Users\KuBa\Documents\GitHub\PPTT\Debug\PPTT.lib" /MACHINE:X86 Debug\PPTT_core.obj
         Debug\PPTT_io.obj
         Debug\PPTT_main.obj
         PPTT.vcxproj -> C:\Users\KuBa\Documents\GitHub\PPTT\Debug\PPTT.exe
     1>Done Building Project "C:\Users\KuBa\Documents\GitHub\PPTT\PPTT\PPTT.vcxproj" (Build target(s)).

Build succeeded.

Time Elapsed 00:00:00.91
